<?xml version="1.0" encoding="UTF-8"?>
<testsuite name="com.example.usermicroservice.adapters.driven.jpa.mysql.adapter.UserAdapterTest" tests="1" skipped="0" failures="0" errors="0" timestamp="2024-05-22T05:46:52" hostname="HEYLLER-PALOMIN" time="1.141">
  <properties/>
  <testcase name="testSaveUserAsClient()" classname="com.example.usermicroservice.adapters.driven.jpa.mysql.adapter.UserAdapterTest" time="1.141"/>
  <system-out><![CDATA[00:46:53.435 [Test worker] DEBUG org.jboss.logging - Logging Provider: org.jboss.logging.Log4j2LoggerProvider
]]></system-out>
  <system-err><![CDATA[]]></system-err>
</testsuite>
